<?xml version="1.0" encoding="UTF-8"?>
<!-- Generated by org.testng.reporters.JUnitReportReporter -->
<testsuite skipped="0" hostname="Pratap" name="com.select.option.SelectOPt_sel" tests="1" failures="0" timestamp="08 Dec 2019 17:53:03 GMT" time="135.366" errors="0">
  <testcase name="dragDrop" time="135.366" classname="com.select.option.SelectOPt_sel"/>
</testsuite> <!-- com.select.option.SelectOPt_sel -->
