<?xml version="1.0" encoding="UTF-8"?>
<!-- Generated by org.testng.reporters.JUnitReportReporter -->
<testsuite skipped="0" hostname="Pratap" name="org.com.tc.Snapdel" tests="1" failures="0" timestamp="21 Nov 2019 01:36:16 GMT" time="90.653" errors="0">
  <testcase name="snapdeal" time="90.653" classname="org.com.tc.Snapdel"/>
</testsuite> <!-- org.com.tc.Snapdel -->
