<?xml version="1.0" encoding="UTF-8"?>
<!-- Generated by org.testng.reporters.JUnitReportReporter -->
<testsuite skipped="0" hostname="Pratap" name="org.techAltum.com.Nukri_mouse_hover" tests="1" failures="0" timestamp="08 Dec 2019 14:49:46 GMT" time="36.054" errors="0">
  <testcase name="mouseHover" time="36.054" classname="org.techAltum.com.Nukri_mouse_hover"/>
</testsuite> <!-- org.techAltum.com.Nukri_mouse_hover -->
