<?xml version="1.0" encoding="UTF-8"?>
<!-- Generated by org.testng.reporters.JUnitReportReporter -->
<testsuite skipped="0" hostname="Pratap" name="org.techAltum.com.Tc01" tests="1" failures="0" timestamp="24 Nov 2019 14:21:44 GMT" time="102.200" errors="0">
  <testcase name="selectOption" time="102.200" classname="org.techAltum.com.Tc01"/>
</testsuite> <!-- org.techAltum.com.Tc01 -->
