<?xml version="1.0" encoding="UTF-8"?>
<!-- Generated by org.testng.reporters.JUnitReportReporter -->
<testsuite skipped="0" hostname="Pratap" name="org.techAltum.com.MouseOver" tests="1" failures="0" timestamp="24 Nov 2019 13:08:38 GMT" time="47.664" errors="0">
  <testcase name="mouseOver" time="47.664" classname="org.techAltum.com.MouseOver"/>
</testsuite> <!-- org.techAltum.com.MouseOver -->
