<?xml version="1.0" encoding="UTF-8"?>
<!-- Generated by org.testng.reporters.JUnitReportReporter -->
<testsuite skipped="0" hostname="Pratap" name="org.techltum.TC01" tests="1" failures="0" timestamp="21 Nov 2019 01:59:34 GMT" time="93.235" errors="0">
  <testcase name="testNaukri" time="93.235" classname="org.techltum.TC01"/>
</testsuite> <!-- org.techltum.TC01 -->
